{"numTotalTestSuites":14,"numPassedTestSuites":14,"numFailedTestSuites":0,"numPendingTestSuites":0,"numTotalTests":28,"numPassedTests":28,"numFailedTests":0,"numPendingTests":0,"numTodoTests":0,"snapshot":{"added":0,"failure":false,"filesAdded":0,"filesRemoved":0,"filesRemovedList":[],"filesUnmatched":0,"filesUpdated":0,"matched":0,"total":0,"unchecked":0,"uncheckedKeysByFile":[],"unmatched":0,"updated":0,"didUpdate":false},"startTime":1777594454161,"success":true,"testResults":[{"assertionResults":[{"ancestorTitles":["dashboard renderer"],"fullName":"dashboard renderer includes counts, health, diagnosis, and incident samples","status":"passed","title":"includes counts, health, diagnosis, and incident samples","duration":15.337250000000012,"failureMessages":[],"meta":{},"tags":[]}],"startTime":1777594454434,"endTime":1777594454449.3372,"status":"passed","message":"","name":"/Users/wholesway/Documents/Projects-and-Data/Internship-Projects/BotMedic/apps/bot-worker/tests/dashboard.test.ts"},{"assertionResults":[{"ancestorTitles":["incident fixture library"],"fullName":"incident fixture library mirrors the worker rule cases","status":"passed","title":"mirrors the worker rule cases","duration":3.089209000000011,"failureMessages":[],"meta":{},"tags":[]}],"startTime":1777594454421,"endTime":1777594454424.089,"status":"passed","message":"","name":"/Users/wholesway/Documents/Projects-and-Data/Internship-Projects/BotMedic/apps/bot-worker/tests/incident-library.test.ts"},{"assertionResults":[{"ancestorTitles":["Discord interaction helper"],"fullName":"Discord interaction helper verifies valid signatures and rejects invalid ones","status":"passed","title":"verifies valid signatures and rejects invalid ones","duration":30.172292000000027,"failureMessages":[],"meta":{},"tags":[]},{"ancestorTitles":["Discord interaction helper"],"fullName":"Discord interaction helper builds a health response with the correct structure","status":"passed","title":"builds a health response with the correct structure","duration":0.9948339999999689,"failureMessages":[],"meta":{},"tags":[]},{"ancestorTitles":["Discord interaction helper"],"fullName":"Discord interaction helper builds an envcheck response when environment variables are valid","status":"passed","title":"builds an envcheck response when environment variables are valid","duration":0.22620799999998553,"failureMessages":[],"meta":{},"tags":[]},{"ancestorTitles":["Discord interaction helper"],"fullName":"Discord interaction helper reports malformed environment values when they fail validation","status":"passed","title":"reports malformed environment values when they fail validation","duration":0.12374999999997272,"failureMessages":[],"meta":{},"tags":[]},{"ancestorTitles":["Discord interaction helper"],"fullName":"Discord interaction helper builds a permissions response that lists missing flags","status":"passed","title":"builds a permissions response that lists missing flags","duration":0.18466699999999037,"failureMessages":[],"meta":{},"tags":[]},{"ancestorTitles":["Discord interaction helper"],"fullName":"Discord interaction helper builds a permissions response that confirms all flags are present","status":"passed","title":"builds a permissions response that confirms all flags are present","duration":0.07245799999998326,"failureMessages":[],"meta":{},"tags":[]},{"ancestorTitles":["Discord interaction helper"],"fullName":"Discord interaction helper builds a latency response using the Discord timestamp header","status":"passed","title":"builds a latency response using the Discord timestamp header","duration":0.11679099999997788,"failureMessages":[],"meta":{},"tags":[]},{"ancestorTitles":["Discord interaction helper"],"fullName":"Discord interaction helper builds a helpme response with interactive buttons","status":"passed","title":"builds a helpme response with interactive buttons","duration":0.511209000000008,"failureMessages":[],"meta":{},"tags":[]},{"ancestorTitles":["Discord interaction helper"],"fullName":"Discord interaction helper builds a helpme symptom response for known buttons","status":"passed","title":"builds a helpme symptom response for known buttons","duration":0.18979200000001129,"failureMessages":[],"meta":{},"tags":[]},{"ancestorTitles":["Discord interaction helper"],"fullName":"Discord interaction helper handles helpme button interactions","status":"passed","title":"handles helpme button interactions","duration":24.430042000000014,"failureMessages":[],"meta":{},"tags":[]},{"ancestorTitles":["Discord interaction helper"],"fullName":"Discord interaction helper lists incident scenarios when no option is provided","status":"passed","title":"lists incident scenarios when no option is provided","duration":3.0497910000000275,"failureMessages":[],"meta":{},"tags":[]},{"ancestorTitles":["Discord interaction helper"],"fullName":"Discord interaction helper replays a scenario via the incident command","status":"passed","title":"replays a scenario via the incident command","duration":2.4117499999999836,"failureMessages":[],"meta":{},"tags":[]},{"ancestorTitles":["Discord interaction helper"],"fullName":"Discord interaction helper returns a deferred response for the slow handler scenario","status":"passed","title":"returns a deferred response for the slow handler scenario","duration":2.3240839999999707,"failureMessages":[],"meta":{},"tags":[]},{"ancestorTitles":["Discord interaction helper"],"fullName":"Discord interaction helper builds a deferred incident response helper","status":"passed","title":"builds a deferred incident response helper","duration":0.08804200000002993,"failureMessages":[],"meta":{},"tags":[]},{"ancestorTitles":["Discord interaction helper"],"fullName":"Discord interaction helper responds to PING interactions with type 1","status":"passed","title":"responds to PING interactions with type 1","duration":2.3801659999999742,"failureMessages":[],"meta":{},"tags":[]}],"startTime":1777594454442,"endTime":1777594454509.3801,"status":"passed","message":"","name":"/Users/wholesway/Documents/Projects-and-Data/Internship-Projects/BotMedic/apps/bot-worker/tests/interaction.test.ts"},{"assertionResults":[{"ancestorTitles":["synthetic command response budget"],"fullName":"synthetic command response budget builds common command responses under Discord initial response budget","status":"passed","title":"builds common command responses under Discord initial response budget","duration":1.9162079999999833,"failureMessages":[],"meta":{},"tags":[]}],"startTime":1777594454434,"endTime":1777594454435.9163,"status":"passed","message":"","name":"/Users/wholesway/Documents/Projects-and-Data/Internship-Projects/BotMedic/apps/bot-worker/tests/performance.test.ts"},{"assertionResults":[{"ancestorTitles":["property-based rule safety checks"],"fullName":"property-based rule safety checks rule custom IDs are stable, prefixed, and unique","status":"passed","title":"rule custom IDs are stable, prefixed, and unique","duration":1.523208000000011,"failureMessages":[],"meta":{},"tags":[]},{"ancestorTitles":["property-based rule safety checks"],"fullName":"property-based rule safety checks random custom IDs either resolve to the matching rule or fail closed","status":"passed","title":"random custom IDs either resolve to the matching rule or fail closed","duration":4.5346250000000055,"failureMessages":[],"meta":{},"tags":[]},{"ancestorTitles":["property-based rule safety checks"],"fullName":"property-based rule safety checks confidence scores stay inside the expected percentage range","status":"passed","title":"confidence scores stay inside the expected percentage range","duration":0.3071250000000134,"failureMessages":[],"meta":{},"tags":[]}],"startTime":1777594454415,"endTime":1777594454421.5347,"status":"passed","message":"","name":"/Users/wholesway/Documents/Projects-and-Data/Internship-Projects/BotMedic/apps/bot-worker/tests/property.test.ts"},{"assertionResults":[{"ancestorTitles":["rule catalog"],"fullName":"rule catalog defines all seeded cases and metadata","status":"passed","title":"defines all seeded cases and metadata","duration":2.727458000000013,"failureMessages":[],"meta":{},"tags":[]},{"ancestorTitles":["rule catalog"],"fullName":"rule catalog maps custom IDs back to their rule","status":"passed","title":"maps custom IDs back to their rule","duration":0.690667000000019,"failureMessages":[],"meta":{},"tags":[]}],"startTime":1777594454415,"endTime":1777594454418.6907,"status":"passed","message":"","name":"/Users/wholesway/Documents/Projects-and-Data/Internship-Projects/BotMedic/apps/bot-worker/tests/rules.test.ts"},{"assertionResults":[{"ancestorTitles":["interaction telemetry"],"fullName":"interaction telemetry skips interaction metric writes when DASHBOARD_KV is missing","status":"passed","title":"skips interaction metric writes when DASHBOARD_KV is missing","duration":1.301040999999998,"failureMessages":[],"meta":{},"tags":[]},{"ancestorTitles":["interaction telemetry"],"fullName":"interaction telemetry records a successful command status and command rollup","status":"passed","title":"records a successful command status and command rollup","duration":52.231292000000025,"failureMessages":[],"meta":{},"tags":[]},{"ancestorTitles":["interaction telemetry"],"fullName":"interaction telemetry records malformed payloads with an error status","status":"passed","title":"records malformed payloads with an error status","duration":2.537832999999978,"failureMessages":[],"meta":{},"tags":[]},{"ancestorTitles":["interaction telemetry"],"fullName":"interaction telemetry increments the under-three-second SLA counter","status":"passed","title":"increments the under-three-second SLA counter","duration":0.1677090000000021,"failureMessages":[],"meta":{},"tags":[]},{"ancestorTitles":["interaction telemetry"],"fullName":"interaction telemetry caps recent latency samples at 100 entries","status":"passed","title":"caps recent latency samples at 100 entries","duration":1.0760839999999803,"failureMessages":[],"meta":{},"tags":[]}],"startTime":1777594454441,"endTime":1777594454499.0762,"status":"passed","message":"","name":"/Users/wholesway/Documents/Projects-and-Data/Internship-Projects/BotMedic/apps/bot-worker/tests/telemetry.test.ts"}]}