{"total": {"lines":{"total":1028,"covered":867,"skipped":0,"pct":84.33},"statements":{"total":1028,"covered":867,"skipped":0,"pct":84.33},"functions":{"total":39,"covered":35,"skipped":0,"pct":89.74},"branches":{"total":165,"covered":110,"skipped":0,"pct":66.66},"branchesTrue":{"total":0,"covered":0,"skipped":0,"pct":100}}
,"C:\\Users\\josue\\Documents\\Internship-Projects\\BotMedic\\apps\\bot-worker\\src\\dashboard.ts": {"lines":{"total":205,"covered":178,"skipped":0,"pct":86.82},"functions":{"total":4,"covered":3,"skipped":0,"pct":75},"statements":{"total":205,"covered":178,"skipped":0,"pct":86.82},"branches":{"total":13,"covered":5,"skipped":0,"pct":38.46}}
,"C:\\Users\\josue\\Documents\\Internship-Projects\\BotMedic\\apps\\bot-worker\\src\\index.ts": {"lines":{"total":165,"covered":135,"skipped":0,"pct":81.81},"functions":{"total":6,"covered":5,"skipped":0,"pct":83.33},"statements":{"total":165,"covered":135,"skipped":0,"pct":81.81},"branches":{"total":37,"covered":22,"skipped":0,"pct":59.45}}
,"C:\\Users\\josue\\Documents\\Internship-Projects\\BotMedic\\apps\\bot-worker\\src\\telemetry.ts": {"lines":{"total":226,"covered":179,"skipped":0,"pct":79.2},"functions":{"total":12,"covered":10,"skipped":0,"pct":83.33},"statements":{"total":226,"covered":179,"skipped":0,"pct":79.2},"branches":{"total":53,"covered":43,"skipped":0,"pct":81.13}}
,"C:\\Users\\josue\\Documents\\Internship-Projects\\BotMedic\\apps\\bot-worker\\src\\commands\\envcheck.ts": {"lines":{"total":96,"covered":91,"skipped":0,"pct":94.79},"functions":{"total":4,"covered":4,"skipped":0,"pct":100},"statements":{"total":96,"covered":91,"skipped":0,"pct":94.79},"branches":{"total":17,"covered":12,"skipped":0,"pct":70.58}}
,"C:\\Users\\josue\\Documents\\Internship-Projects\\BotMedic\\apps\\bot-worker\\src\\commands\\health.ts": {"lines":{"total":16,"covered":16,"skipped":0,"pct":100},"functions":{"total":1,"covered":1,"skipped":0,"pct":100},"statements":{"total":16,"covered":16,"skipped":0,"pct":100},"branches":{"total":3,"covered":1,"skipped":0,"pct":33.33}}
,"C:\\Users\\josue\\Documents\\Internship-Projects\\BotMedic\\apps\\bot-worker\\src\\commands\\helpme.ts": {"lines":{"total":59,"covered":57,"skipped":0,"pct":96.61},"functions":{"total":3,"covered":3,"skipped":0,"pct":100},"statements":{"total":59,"covered":57,"skipped":0,"pct":96.61},"branches":{"total":6,"covered":5,"skipped":0,"pct":83.33}}
,"C:\\Users\\josue\\Documents\\Internship-Projects\\BotMedic\\apps\\bot-worker\\src\\commands\\incident.ts": {"lines":{"total":50,"covered":42,"skipped":0,"pct":84},"functions":{"total":3,"covered":3,"skipped":0,"pct":100},"statements":{"total":50,"covered":42,"skipped":0,"pct":84},"branches":{"total":9,"covered":8,"skipped":0,"pct":88.88}}
,"C:\\Users\\josue\\Documents\\Internship-Projects\\BotMedic\\apps\\bot-worker\\src\\commands\\latency.ts": {"lines":{"total":47,"covered":29,"skipped":0,"pct":61.7},"functions":{"total":2,"covered":2,"skipped":0,"pct":100},"statements":{"total":47,"covered":29,"skipped":0,"pct":61.7},"branches":{"total":7,"covered":2,"skipped":0,"pct":28.57}}
,"C:\\Users\\josue\\Documents\\Internship-Projects\\BotMedic\\apps\\bot-worker\\src\\commands\\permissions.ts": {"lines":{"total":62,"covered":44,"skipped":0,"pct":70.96},"functions":{"total":2,"covered":2,"skipped":0,"pct":100},"statements":{"total":62,"covered":44,"skipped":0,"pct":70.96},"branches":{"total":10,"covered":6,"skipped":0,"pct":60}}
,"C:\\Users\\josue\\Documents\\Internship-Projects\\BotMedic\\apps\\bot-worker\\src\\types\\discord.ts": {"lines":{"total":56,"covered":56,"skipped":0,"pct":100},"functions":{"total":0,"covered":0,"skipped":0,"pct":100},"statements":{"total":56,"covered":56,"skipped":0,"pct":100},"branches":{"total":0,"covered":0,"skipped":0,"pct":100}}
,"C:\\Users\\josue\\Documents\\Internship-Projects\\BotMedic\\apps\\bot-worker\\src\\utils\\discord.ts": {"lines":{"total":46,"covered":40,"skipped":0,"pct":86.95},"functions":{"total":2,"covered":2,"skipped":0,"pct":100},"statements":{"total":46,"covered":40,"skipped":0,"pct":86.95},"branches":{"total":10,"covered":6,"skipped":0,"pct":60}}
}
